2024-12-23T11:59:08.076Z  error: Error Ma'lumotlari
2024-12-23T11:59:25.346Z  error: Expected ',' or '}' after property value in JSON at position 63 (line 3 column 13)
2024-12-23T12:02:37.734Z  error: Error Ma'lumotlari
2024-12-23T19:23:18.179Z  error: Error Ma'lumotlari
2024-12-23T19:23:19.946Z  error: Error Ma'lumotlari
2024-12-23T19:23:49.789Z  error: Expected ',' or '}' after property value in JSON at position 63 (line 3 column 13)
2024-12-23T19:23:52.337Z  error: Error Ma'lumotlari
2024-12-23T19:33:06.979Z  error: Error Ma'lumotlari
2024-12-23T19:33:25.891Z  error: Expected ',' or '}' after property value in JSON at position 63 (line 3 column 13)
2024-12-23T19:38:40.909Z  error: Error Ma'lumotlari
2024-12-23T19:39:20.295Z  error: unhandledRejection: unhandledRejection example
Error: unhandledRejection example
    at C:\Users\Ahror\OneDrive\Desktop\Najot_talim\Result\ITINFO\controllers\author.controller.js:106:14
    at new Promise (<anonymous>)
    at loginAuthor (C:\Users\Ahror\OneDrive\Desktop\Najot_talim\Result\ITINFO\controllers\author.controller.js:105:5)
    at process.processTicksAndRejections (node:internal/process/task_queues:105:5)
2024-12-23T19:39:49.104Z  error: Error Ma'lumotlari
2024-12-23T19:39:55.393Z  error: unhandledRejection: unhandledRejection example
Error: unhandledRejection example
    at C:\Users\Ahror\OneDrive\Desktop\Najot_talim\Result\ITINFO\controllers\author.controller.js:106:14
    at new Promise (<anonymous>)
    at loginAuthor (C:\Users\Ahror\OneDrive\Desktop\Najot_talim\Result\ITINFO\controllers\author.controller.js:105:5)
    at process.processTicksAndRejections (node:internal/process/task_queues:105:5)
2024-12-24T05:04:44.396Z  error: Error Ma'lumotlari
2024-12-24T05:05:15.577Z  error: Error Ma'lumotlari
2024-12-24T05:05:18.523Z  error: Error Ma'lumotlari
2024-12-24T05:05:39.297Z  error: unhandledRejection: unhandledRejection example
Error: unhandledRejection example
    at C:\Users\Ahror\OneDrive\Desktop\Najot_talim\Result\ITINFO\controllers\author.controller.js:106:14
    at new Promise (<anonymous>)
    at loginAuthor (C:\Users\Ahror\OneDrive\Desktop\Najot_talim\Result\ITINFO\controllers\author.controller.js:105:5)
    at process.processTicksAndRejections (node:internal/process/task_queues:105:5)
2024-12-24T05:05:40.828Z  error: Error Ma'lumotlari
2024-12-24T05:10:00.787Z  error: Expected ',' or '}' after property value in JSON at position 58 (line 3 column 5)
2024-12-24T07:24:41.293Z  error: Error Ma'lumotlari
2024-12-24T07:24:42.560Z  error: Error Ma'lumotlari
2024-12-24T10:33:11.249Z  error: Error Ma'lumotlari
2024-12-24T10:33:13.069Z  error: Error Ma'lumotlari
2024-12-24T11:19:13.506Z  error: Cast to string failed for value "{}" (type Object) at path "author_email" for model "Author"
2024-12-24T11:20:06.824Z  error: Cast to string failed for value "{}" (type Object) at path "author_email" for model "Author"
2024-12-24T11:24:49.390Z  error: Cast to string failed for value "{}" (type Object) at path "author_email" for model "Author"
2024-12-24T11:24:50.122Z  error: Cast to string failed for value "{}" (type Object) at path "author_email" for model "Author"
2024-12-24T11:24:50.906Z  error: Cast to string failed for value "{}" (type Object) at path "author_email" for model "Author"
2024-12-24T11:24:56.143Z  error: Cast to string failed for value "{}" (type Object) at path "author_email" for model "Author"
2024-12-24T11:25:04.135Z  error: Cast to string failed for value "{}" (type Object) at path "author_email" for model "Author"
2024-12-24T11:29:56.445Z  error: Cast to string failed for value "{}" (type Object) at path "author_email" for model "Author"
2024-12-24T11:30:18.187Z  error: Cast to string failed for value "{}" (type Object) at path "author_email" for model "Author"
2024-12-24T11:32:47.489Z  error: Cast to string failed for value "{}" (type Object) at path "author_email" for model "Author"
2024-12-24T16:41:16.001Z  error: Expected property name or '}' in JSON at position 4 (line 2 column 3)
